2025-05-18 17:29:22.874 [info] [main] Log level: Info
2025-05-18 17:29:22.874 [info] [main] Validating found git in: "git"
2025-05-18 17:29:22.874 [info] [main] Using git "2.25.1" from "git"
2025-05-18 17:29:22.874 [info] [Model][doInitialScan] Initial repository scan started
2025-05-18 17:29:22.874 [info] > git rev-parse --show-toplevel [6ms]
2025-05-18 17:29:22.874 [info] fatal: not a git repository (or any of the parent directories): .git
2025-05-18 17:29:22.874 [info] > git rev-parse --show-toplevel [1ms]
2025-05-18 17:29:22.874 [info] fatal: not a git repository (or any of the parent directories): .git
2025-05-18 17:29:22.879 [info] > git rev-parse --show-toplevel [1ms]
2025-05-18 17:29:22.879 [info] fatal: not a git repository (or any of the parent directories): .git
2025-05-18 17:29:22.882 [info] > git rev-parse --show-toplevel [1ms]
2025-05-18 17:29:22.882 [info] fatal: not a git repository (or any of the parent directories): .git
2025-05-18 17:29:22.887 [info] > git rev-parse --show-toplevel [2ms]
2025-05-18 17:29:22.887 [info] fatal: not a git repository (or any of the parent directories): .git
2025-05-18 17:29:22.893 [info] > git rev-parse --show-toplevel [4ms]
2025-05-18 17:29:22.893 [info] fatal: not a git repository (or any of the parent directories): .git
2025-05-18 17:29:22.899 [info] > git rev-parse --show-toplevel [2ms]
2025-05-18 17:29:22.899 [info] fatal: not a git repository (or any of the parent directories): .git
2025-05-18 17:29:22.903 [info] > git rev-parse --show-toplevel [1ms]
2025-05-18 17:29:22.903 [info] fatal: not a git repository (or any of the parent directories): .git
2025-05-18 17:29:22.907 [info] > git rev-parse --show-toplevel [1ms]
2025-05-18 17:29:22.907 [info] fatal: not a git repository (or any of the parent directories): .git
2025-05-18 17:29:22.911 [info] > git rev-parse --show-toplevel [1ms]
2025-05-18 17:29:22.911 [info] fatal: not a git repository (or any of the parent directories): .git
2025-05-18 17:29:22.914 [info] > git rev-parse --show-toplevel [1ms]
2025-05-18 17:29:22.914 [info] fatal: not a git repository (or any of the parent directories): .git
2025-05-18 17:29:22.916 [info] > git rev-parse --show-toplevel [1ms]
2025-05-18 17:29:22.916 [info] fatal: not a git repository (or any of the parent directories): .git
2025-05-18 17:29:22.985 [info] > git rev-parse --show-toplevel [67ms]
2025-05-18 17:29:22.985 [info] fatal: not a git repository (or any of the parent directories): .git
2025-05-18 17:29:22.988 [info] > git rev-parse --show-toplevel [0ms]
2025-05-18 17:29:22.988 [info] fatal: not a git repository (or any of the parent directories): .git
2025-05-18 17:29:22.991 [info] > git rev-parse --show-toplevel [0ms]
2025-05-18 17:29:22.992 [info] fatal: not a git repository (or any of the parent directories): .git
2025-05-18 17:29:22.995 [info] > git rev-parse --show-toplevel [0ms]
2025-05-18 17:29:22.995 [info] fatal: not a git repository (or any of the parent directories): .git
2025-05-18 17:29:22.999 [info] > git rev-parse --show-toplevel [1ms]
2025-05-18 17:29:22.999 [info] fatal: not a git repository (or any of the parent directories): .git
2025-05-18 17:29:23.237 [info] > git rev-parse --show-toplevel [235ms]
2025-05-18 17:29:23.237 [info] fatal: not a git repository (or any of the parent directories): .git
2025-05-18 17:29:23.239 [info] [Model][doInitialScan] Initial repository scan completed - repositories (0), closed repositories (0), parent repositories (0), unsafe repositories (0)
2025-05-18 17:29:23.265 [info] > git rev-parse --show-toplevel [1ms]
2025-05-18 17:29:23.265 [info] fatal: not a git repository (or any of the parent directories): .git
2025-05-18 17:31:45.297 [info] > git rev-parse --show-toplevel [1ms]
2025-05-18 17:31:45.298 [info] fatal: not a git repository (or any of the parent directories): .git
2025-05-18 17:32:47.182 [info] > git rev-parse --show-toplevel [107ms]
2025-05-18 17:32:47.182 [info] fatal: not a git repository (or any of the parent directories): .git
2025-05-18 19:57:38.842 [info] > git rev-parse --show-toplevel [6ms]
2025-05-18 19:57:38.847 [info] > git rev-parse --git-dir --git-common-dir [1ms]
2025-05-18 19:57:38.861 [info] [Model][openRepository] Opened repository (path): /home/mmontanez
2025-05-18 19:57:38.861 [info] [Model][openRepository] Opened repository (real path): /home/mmontanez
2025-05-18 19:57:38.871 [info] [Git][getRemotes] No remotes found in the git config file
2025-05-18 19:57:38.872 [info] > git for-each-ref --format=%(refname)%00%(upstream:short)%00%(objectname)%00%(upstream:track)%00%(upstream:remotename)%00%(upstream:remoteref) refs/heads/master refs/remotes/master [2ms]
2025-05-18 19:57:38.874 [warning] [Git][getBranch] No such branch: master
2025-05-18 19:57:38.874 [info] > git config --get commit.template [8ms]
2025-05-18 19:57:38.881 [info] > git for-each-ref --sort -committerdate --format %(refname)%00%(objectname)%00%(*objectname) [1ms]
2025-05-18 19:57:39.176 [info] > git show --textconv :web.html [3ms]
2025-05-18 19:57:39.178 [info] > git ls-files --stage -- web.html [3ms]
2025-05-18 19:57:39.180 [info] > git hash-object -t tree /dev/null [2ms]
2025-05-18 19:57:39.180 [warning] [GitFileSystemProvider][readFile] File not found - git:/home/mmontanez/web.html.git?%7B%22path%22%3A%22%2Fhome%2Fmmontanez%2Fweb.html%22%2C%22ref%22%3A%22%22%7D
2025-05-18 19:57:39.186 [info] > git hash-object -t tree /dev/null [6ms]
2025-05-18 19:57:39.186 [warning] [GitFileSystemProvider][stat] File not found - git:/home/mmontanez/web.html.git?%7B%22path%22%3A%22%2Fhome%2Fmmontanez%2Fweb.html%22%2C%22ref%22%3A%22%22%7D
2025-05-18 19:57:39.414 [info] > git check-ignore -v -z --stdin [1ms]
2025-05-18 19:57:40.021 [info] > git status -z -uall [1144ms] (cancelled)
2025-05-18 19:57:40.024 [info] > git for-each-ref --format=%(refname)%00%(upstream:short)%00%(objectname)%00%(upstream:track)%00%(upstream:remotename)%00%(upstream:remoteref) refs/heads/master refs/remotes/master [5ms]
2025-05-18 19:57:40.024 [warning] [Git][getBranch] No such branch: master
2025-05-18 19:57:40.025 [error] [GitHistoryProvider][resolveHEADMergeBase] Failed to resolve merge base for master: Error: No such branch: master.
2025-05-18 19:57:40.026 [info] > git config --get commit.template [2ms]
2025-05-18 19:57:40.028 [info] [Git][getRemotes] No remotes found in the git config file
2025-05-18 19:57:40.029 [info] > git for-each-ref --format=%(refname)%00%(upstream:short)%00%(objectname)%00%(upstream:track)%00%(upstream:remotename)%00%(upstream:remoteref) refs/heads/master refs/remotes/master [1ms]
2025-05-18 19:57:40.029 [warning] [Git][getBranch] No such branch: master
2025-05-18 19:57:40.839 [info] > git for-each-ref --sort -committerdate --format %(refname)%00%(objectname)%00%(*objectname) [805ms]
2025-05-18 19:57:40.855 [info] > git status -z -uall [824ms] (cancelled)
