2025-05-18 17:28:56.577 [info] Extension host with pid 270 started
2025-05-18 17:28:56.643 [info] ExtensionService#_doActivateExtension vscode.emmet, startup: false, activationEvent: 'onLanguage'
2025-05-18 17:28:56.645 [info] ExtensionService#_doActivateExtension vscode.html-language-features, startup: false, activationEvent: 'onLanguage:html'
2025-05-18 17:28:56.646 [info] ExtensionService#_doActivateExtension vscode.configuration-editing, startup: false, activationEvent: 'onLanguage:jsonc'
2025-05-18 17:28:56.647 [info] ExtensionService#_doActivateExtension vscode.json-language-features, startup: false, activationEvent: 'onLanguage:jsonc'
2025-05-18 17:28:56.647 [info] ExtensionService#_doActivateExtension vscode.typescript-language-features, startup: false, activationEvent: 'onLanguage:jsonc'
2025-05-18 17:28:56.879 [info] Lock '/home/mmontanez/.vscode-server/data/User/workspaceStorage/74771a0c50daafcc80ab1113b696b3cd/vscode.lock': Lock acquired.
2025-05-18 17:28:57.531 [info] ExtensionService#_doActivateExtension vscode.git-base, startup: true, activationEvent: '*', root cause: vscode.git
2025-05-18 17:28:57.543 [info] ExtensionService#_doActivateExtension vscode.git, startup: true, activationEvent: '*'
2025-05-18 17:28:57.543 [info] ExtensionService#_doActivateExtension vscode.github, startup: true, activationEvent: '*'
2025-05-18 17:28:57.731 [info] ExtensionService#_doActivateExtension pranaygp.vscode-css-peek, startup: true, activationEvent: 'workspaceContains:**/*.css,**/*.scss,**/*.sass,**/*.less'
2025-05-18 17:28:57.995 [info] Eager extensions activated
2025-05-18 17:28:57.995 [info] ExtensionService#_doActivateExtension vscode.debug-auto-launch, startup: false, activationEvent: 'onStartupFinished'
2025-05-18 17:28:57.996 [info] ExtensionService#_doActivateExtension vscode.merge-conflict, startup: false, activationEvent: 'onStartupFinished'
2025-05-18 17:28:57.996 [info] ExtensionService#_doActivateExtension dbaeumer.vscode-eslint, startup: false, activationEvent: 'onStartupFinished'
2025-05-18 17:28:57.996 [info] ExtensionService#_doActivateExtension ritwickdey.LiveServer, startup: false, activationEvent: 'onStartupFinished'
2025-05-18 17:28:57.996 [info] ExtensionService#_doActivateExtension streetsidesoftware.code-spell-checker, startup: false, activationEvent: 'onStartupFinished'
2025-05-18 17:29:18.914 [info] Extension host terminating: received terminate message from renderer
2025-05-18 17:29:18.915 [info] Lock '/home/mmontanez/.vscode-server/data/User/workspaceStorage/74771a0c50daafcc80ab1113b696b3cd/vscode.lock': Marking the lockfile as scheduled to be released in 6000 ms.
2025-05-18 17:29:18.961 [info] Extension host with pid 270 exiting with code 0
