2025-05-15 18:50:35.557 [info] [main] Log level: Info
2025-05-15 18:50:35.557 [info] [main] Validating found git in: "git"
2025-05-15 18:50:35.585 [info] [main] Using git "2.25.1" from "git"
2025-05-15 18:50:35.585 [info] [Model][doInitialScan] Initial repository scan started
2025-05-15 18:50:35.601 [info] > git rev-parse --show-toplevel [10ms]
2025-05-15 18:50:35.601 [info] fatal: not a git repository (or any of the parent directories): .git
2025-05-15 18:50:35.605 [info] > git rev-parse --show-toplevel [1ms]
2025-05-15 18:50:35.605 [info] fatal: not a git repository (or any of the parent directories): .git
2025-05-15 18:50:35.608 [info] > git rev-parse --show-toplevel [1ms]
2025-05-15 18:50:35.608 [info] fatal: not a git repository (or any of the parent directories): .git
2025-05-15 18:50:35.610 [info] > git rev-parse --show-toplevel [0ms]
2025-05-15 18:50:35.610 [info] fatal: not a git repository (or any of the parent directories): .git
2025-05-15 18:50:35.612 [info] > git rev-parse --show-toplevel [0ms]
2025-05-15 18:50:35.613 [info] fatal: not a git repository (or any of the parent directories): .git
2025-05-15 18:50:35.614 [info] > git rev-parse --show-toplevel [0ms]
2025-05-15 18:50:35.614 [info] fatal: not a git repository (or any of the parent directories): .git
2025-05-15 18:50:35.616 [info] > git rev-parse --show-toplevel [0ms]
2025-05-15 18:50:35.616 [info] fatal: not a git repository (or any of the parent directories): .git
2025-05-15 18:50:35.618 [info] > git rev-parse --show-toplevel [1ms]
2025-05-15 18:50:35.618 [info] fatal: not a git repository (or any of the parent directories): .git
2025-05-15 18:50:35.620 [info] > git rev-parse --show-toplevel [0ms]
2025-05-15 18:50:35.620 [info] fatal: not a git repository (or any of the parent directories): .git
2025-05-15 18:50:35.623 [info] > git rev-parse --show-toplevel [1ms]
2025-05-15 18:50:35.623 [info] fatal: not a git repository (or any of the parent directories): .git
2025-05-15 18:50:35.625 [info] > git rev-parse --show-toplevel [1ms]
2025-05-15 18:50:35.625 [info] fatal: not a git repository (or any of the parent directories): .git
2025-05-15 18:50:35.627 [info] > git rev-parse --show-toplevel [1ms]
2025-05-15 18:50:35.627 [info] fatal: not a git repository (or any of the parent directories): .git
2025-05-15 18:50:35.629 [info] > git rev-parse --show-toplevel [0ms]
2025-05-15 18:50:35.629 [info] fatal: not a git repository (or any of the parent directories): .git
2025-05-15 18:50:35.631 [info] > git rev-parse --show-toplevel [0ms]
2025-05-15 18:50:35.631 [info] fatal: not a git repository (or any of the parent directories): .git
2025-05-15 18:50:35.633 [info] > git rev-parse --show-toplevel [1ms]
2025-05-15 18:50:35.633 [info] fatal: not a git repository (or any of the parent directories): .git
2025-05-15 18:50:35.635 [info] > git rev-parse --show-toplevel [1ms]
2025-05-15 18:50:35.635 [info] fatal: not a git repository (or any of the parent directories): .git
2025-05-15 18:50:35.638 [info] [Model][doInitialScan] Initial repository scan completed - repositories (0), closed repositories (0), parent repositories (0), unsafe repositories (0)
2025-05-15 18:51:30.052 [info] > git rev-parse --show-toplevel [64ms]
2025-05-15 18:51:30.052 [info] fatal: not a git repository (or any of the parent directories): .git
2025-05-15 18:55:03.836 [info] > git rev-parse --show-toplevel [2ms]
2025-05-15 18:55:03.836 [info] fatal: not a git repository (or any of the parent directories): .git
2025-05-15 18:55:31.931 [info] > git rev-parse --show-toplevel [2ms]
2025-05-15 18:55:31.931 [info] fatal: not a git repository (or any of the parent directories): .git
